#-----------------------------------------------------------
# Vivado v2018.3 (64-bit)
# SW Build 2405991 on Thu Dec  6 23:38:27 MST 2018
# IP Build 2404404 on Fri Dec  7 01:43:56 MST 2018
# Start of session at: Sat Mar  9 16:04:06 2019
# Process ID: 12072
# Current directory: C:/XUP/Lek_5/Stopwatch_ver1
# Command line: vivado.exe -gui_launcher_event rodinguilauncherevent21328 C:\XUP\Lek_5\Stopwatch_ver1\Stopwatch_ver1.xpr
# Log file: C:/XUP/Lek_5/Stopwatch_ver1/vivado.log
# Journal file: C:/XUP/Lek_5/Stopwatch_ver1\vivado.jou
#-----------------------------------------------------------
start_gui
open_project C:/XUP/Lek_5/Stopwatch_ver1/Stopwatch_ver1.xpr
CRITICAL WARNING: [Project 1-19] Could not find the file 'C:/XUP/Lek_5/Stopwatch_ver1/TB_Button_behav.wcfg'.
Scanning sources...
Finished scanning sources
WARNING: [filemgmt 56-3] Board Part Repository Path: Could not find the directory 'C:/XUP/vivado-boards-master/vivado-boards/new/board_files'.
INFO: [IP_Flow 19-234] Refreshing IP repositories
INFO: [IP_Flow 19-1704] No user IP repositories specified
INFO: [IP_Flow 19-2313] Loaded Vivado IP repository 'C:/Xilinx/Vivado/2018.3/data/ip'.
open_project: Time (s): cpu = 00:00:13 ; elapsed = 00:00:06 . Memory (MB): peak = 653.570 ; gain = 63.898
update_compile_order -fileset sources_1
exit
INFO: [Common 17-206] Exiting Vivado at Sat Mar  9 16:06:06 2019...
